<?xml version="1.0" encoding="UTF-8"?>
<testsuite name="security.SecurityUtilsUnitTest" time="0.362" tests="3" errors="0" skipped="0" failures="0">
  <properties>
    <property name="java.runtime.name" value="Java(TM) SE Runtime Environment"/>
    <property name="java.vm.version" value="19.0.2+7-44"/>
    <property name="sun.boot.library.path" value="C:\Program Files\Java\jdk-19\bin"/>
    <property name="maven.multiModuleProjectDirectory" value="C:\Users\Pchemut\Pictures\spring-boot-otp-master"/>
    <property name="java.vm.vendor" value="Oracle Corporation"/>
    <property name="java.vendor.url" value="https://java.oracle.com/"/>
    <property name="guice.disable.misplaced.annotation.check" value="true"/>
    <property name="path.separator" value=";"/>
    <property name="java.vm.name" value="Java HotSpot(TM) 64-Bit Server VM"/>
    <property name="sun.os.patch.level" value=""/>
    <property name="user.script" value=""/>
    <property name="user.country" value="US"/>
    <property name="sun.java.launcher" value="SUN_STANDARD"/>
    <property name="java.vm.specification.name" value="Java Virtual Machine Specification"/>
    <property name="user.dir" value="C:\Users\Pchemut\Pictures\spring-boot-otp-master"/>
    <property name="java.vm.compressedOopsMode" value="32-bit"/>
    <property name="java.runtime.version" value="19.0.2+7-44"/>
    <property name="os.arch" value="amd64"/>
    <property name="java.io.tmpdir" value="C:\Users\Pchemut\AppData\Local\Temp\"/>
    <property name="line.separator" value="&#10;"/>
    <property name="java.vm.specification.vendor" value="Oracle Corporation"/>
    <property name="user.variant" value=""/>
    <property name="stderr.encoding" value="cp437"/>
    <property name="os.name" value="Windows 10"/>
    <property name="classworlds.conf" value="C:\apache-maven-4.0.0-alpha-4\bin\m2.conf"/>
    <property name="sun.jnu.encoding" value="Cp1252"/>
    <property name="stdout.encoding" value="cp437"/>
    <property name="java.library.path" value="C:\Program Files\Java\jdk-19\bin;C:\WINDOWS\Sun\Java\bin;C:\WINDOWS\system32;C:\WINDOWS;C:\Program Files\Common Files\Oracle\Java\javapath;C:\WINDOWS\system32;C:\WINDOWS;C:\WINDOWS\System32\Wbem;C:\WINDOWS\System32\WindowsPowerShell\v1.0\;c:\Program Files (x86)\Microsoft SQL Server\100\Tools\Binn\;c:\Program Files (x86)\Microsoft SQL Server\100\DTS\Binn\;C:\WINDOWS\System32\OpenSSH\;C:\Users\Pchemut\Pictures\code\flutter_windows_3.7.5-stable\flutter\bin;C:\Program Files\Git\cmd;C:\Program Files\nodejs\;C:\Program Files\MariaDB 10.11\bin;C:\Users\Pchemut\AppData\Local\Microsoft\WindowsApps;C:\Users\Pchemut\Pictures\code\flutter_windows_3.7.5-stable\flutter\bin;C:\apache-maven-4.0.0-alpha-4\bin;C:\Users\Pchemut\AppData\Roaming\npm;C:\Program Files\MariaDB 10.11\bin;;."/>
    <property name="maven.conf" value="C:\apache-maven-4.0.0-alpha-4/conf"/>
    <property name="jdk.debug" value="release"/>
    <property name="java.class.version" value="63.0"/>
    <property name="java.specification.name" value="Java Platform API Specification"/>
    <property name="sun.management.compiler" value="HotSpot 64-Bit Tiered Compilers"/>
    <property name="os.version" value="10.0"/>
    <property name="library.jansi.path" value="C:\apache-maven-4.0.0-alpha-4\lib\jansi-native"/>
    <property name="user.home" value="C:\Users\Pchemut"/>
    <property name="user.timezone" value="Africa/Nairobi"/>
    <property name="file.encoding" value="UTF-8"/>
    <property name="java.specification.version" value="19"/>
    <property name="user.name" value="Pchemut"/>
    <property name="java.class.path" value="C:\apache-maven-4.0.0-alpha-4\boot\plexus-classworlds-2.6.0.jar"/>
    <property name="java.vm.specification.version" value="19"/>
    <property name="sun.arch.data.model" value="64"/>
    <property name="sun.java.command" value="org.codehaus.plexus.classworlds.launcher.Launcher install"/>
    <property name="java.home" value="C:\Program Files\Java\jdk-19"/>
    <property name="user.language" value="en"/>
    <property name="java.specification.vendor" value="Oracle Corporation"/>
    <property name="java.vm.info" value="mixed mode, sharing"/>
    <property name="java.version" value="19.0.2"/>
    <property name="native.encoding" value="Cp1252"/>
    <property name="java.vendor" value="Oracle Corporation"/>
    <property name="maven.home" value="C:\apache-maven-4.0.0-alpha-4"/>
    <property name="file.separator" value="\"/>
    <property name="java.version.date" value="2023-01-17"/>
    <property name="java.vendor.url.bug" value="https://bugreport.java.com/bugreport/"/>
    <property name="sun.io.unicode.encoding" value="UnicodeLittle"/>
    <property name="sun.cpu.endian" value="little"/>
    <property name="sun.cpu.isalist" value="amd64"/>
  </properties>
  <testcase name="isAuthenticated" classname="security.SecurityUtilsUnitTest" time="0.338"/>
  <testcase name="getCurrentUserLogin" classname="security.SecurityUtilsUnitTest" time="0.021"/>
  <testcase name="anonymousIsNotAuthenticated" classname="security.SecurityUtilsUnitTest" time="0.003"/>
</testsuite>